<?xml version="1.0" encoding="UTF-8"?>
<!-- Generated by org.testng.reporters.JUnitReportReporter -->
<testsuite skipped="0" hostname="TAM-LT139348" name="com.testng.TestEmployeeDetails" tests="2" failures="0" timestamp="27 Mar 2020 17:43:49 GMT" time="0.013" errors="0">
  <testcase name="testCalculateYearlySalary" time="0.001" classname="com.testng.TestEmployeeDetails"/>
  <testcase name="testCalculateAppriasal" time="0.012" classname="com.testng.TestEmployeeDetails"/>
</testsuite> <!-- com.testng.TestEmployeeDetails -->
